2021-11-06 14:32:34,480 - Log4JLogChute initialized using file 'target\velocity.log'
2021-11-06 14:32:34,480 - Initializing Velocity, Calling init()...
2021-11-06 14:32:34,481 - Starting Apache Velocity v1.7 (compiled: 2010-11-19 12:14:37)
2021-11-06 14:32:34,481 - Default Properties File: org\apache\velocity\runtime\defaults\velocity.properties
2021-11-06 14:32:34,481 - Trying to use logger class org.apache.velocity.runtime.log.AvalonLogChute
2021-11-06 14:32:34,481 - Target log system for org.apache.velocity.runtime.log.AvalonLogChute is not available (java.lang.NoClassDefFoundError: org/apache/log/format/Formatter).  Falling back to next log system...
2021-11-06 14:32:34,481 - Trying to use logger class org.apache.velocity.runtime.log.Log4JLogChute
2021-11-06 14:32:34,481 - Using logger class org.apache.velocity.runtime.log.Log4JLogChute
2021-11-06 14:32:34,482 - ResourceLoader instantiated: org.apache.velocity.runtime.resource.loader.ClasspathResourceLoader
2021-11-06 14:32:34,493 - ResourceCache: initialized (class org.apache.velocity.runtime.resource.ResourceCacheImpl) with class java.util.Collections$SynchronizedMap cache map.
2021-11-06 14:32:34,494 - Loaded System Directive: org.apache.velocity.runtime.directive.Stop
2021-11-06 14:32:34,495 - Loaded System Directive: org.apache.velocity.runtime.directive.Define
2021-11-06 14:32:34,495 - Loaded System Directive: org.apache.velocity.runtime.directive.Break
2021-11-06 14:32:34,496 - Loaded System Directive: org.apache.velocity.runtime.directive.Evaluate
2021-11-06 14:32:34,496 - Loaded System Directive: org.apache.velocity.runtime.directive.Literal
2021-11-06 14:32:34,497 - Loaded System Directive: org.apache.velocity.runtime.directive.Macro
2021-11-06 14:32:34,497 - Loaded System Directive: org.apache.velocity.runtime.directive.Parse
2021-11-06 14:32:34,498 - Loaded System Directive: org.apache.velocity.runtime.directive.Include
2021-11-06 14:32:34,499 - Loaded System Directive: org.apache.velocity.runtime.directive.Foreach
2021-11-06 14:32:34,515 - Created '20' parsers.
2021-11-06 14:32:34,519 - Velocimacro : "velocimacro.library" is not set.  Trying default library: VM_global_library.vm
2021-11-06 14:32:34,520 - Could not load resource 'VM_global_library.vm' from ResourceLoader org.apache.velocity.runtime.resource.loader.ClasspathResourceLoader: ClasspathResourceLoader Error: cannot find resource VM_global_library.vm
2021-11-06 14:32:34,520 - Velocimacro : Default library not found.
2021-11-06 14:32:34,520 - Velocimacro : allowInline = true : VMs can be defined inline in templates
2021-11-06 14:32:34,520 - Velocimacro : allowInlineToOverride = false : VMs defined inline may NOT replace previous VM definitions
2021-11-06 14:32:34,520 - Velocimacro : allowInlineLocal = false : VMs defined inline will be global in scope if allowed.
2021-11-06 14:32:34,520 - Velocimacro : autoload off : VM system will not automatically reload global library macros
2021-11-06 14:32:34,611 - ResourceManager : found templates/generators/errorpage.vm with loader org.apache.velocity.runtime.resource.loader.ClasspathResourceLoader
2021-11-06 14:32:34,615 - ResourceManager : found /templates/headers.vm with loader org.apache.velocity.runtime.resource.loader.ClasspathResourceLoader
2021-11-06 14:32:34,616 - ResourceManager : found /templates/head.vm with loader org.apache.velocity.runtime.resource.loader.ClasspathResourceLoader
2021-11-06 14:32:34,618 - Velocimacro : added VM stringArray: source=/templates/macros/array.js.vm
2021-11-06 14:32:34,618 - Velocimacro : added VM numberArray: source=/templates/macros/array.js.vm
2021-11-06 14:32:34,618 - ResourceManager : found /templates/macros/array.js.vm with loader org.apache.velocity.runtime.resource.loader.ClasspathResourceLoader
2021-11-06 14:32:34,620 - Velocimacro : added VM includeBuildInfo: source=/templates/macros/page/buildinfo.vm
2021-11-06 14:32:34,620 - ResourceManager : found /templates/macros/page/buildinfo.vm with loader org.apache.velocity.runtime.resource.loader.ClasspathResourceLoader
2021-11-06 14:32:34,625 - Velocimacro : added VM includeClassifications: source=/templates/macros/page/classifications.vm
2021-11-06 14:32:34,625 - ResourceManager : found /templates/macros/page/classifications.vm with loader org.apache.velocity.runtime.resource.loader.ClasspathResourceLoader
2021-11-06 14:32:34,627 - Velocimacro : added VM includeLead: source=/templates/macros/page/lead.vm
2021-11-06 14:32:34,627 - ResourceManager : found /templates/macros/page/lead.vm with loader org.apache.velocity.runtime.resource.loader.ClasspathResourceLoader
2021-11-06 14:32:34,630 - Velocimacro : added VM includeNavigation: source=/templates/macros/page/navigation.vm
2021-11-06 14:32:34,630 - ResourceManager : found /templates/macros/page/navigation.vm with loader org.apache.velocity.runtime.resource.loader.ClasspathResourceLoader
2021-11-06 14:32:34,632 - Velocimacro : added VM includeReportInfo: source=/templates/macros/page/reportInfo.vm
2021-11-06 14:32:34,632 - ResourceManager : found /templates/macros/page/reportInfo.vm with loader org.apache.velocity.runtime.resource.loader.ClasspathResourceLoader
2021-11-06 14:32:34,634 - Velocimacro : added VM includeTitle: source=/templates/macros/page/title.vm
2021-11-06 14:32:34,634 - ResourceManager : found /templates/macros/page/title.vm with loader org.apache.velocity.runtime.resource.loader.ClasspathResourceLoader
2021-11-06 14:32:34,635 - Velocimacro : added VM includeExpandingButtons: source=/templates/macros/report/expandAllButtons.vm
2021-11-06 14:32:34,635 - ResourceManager : found /templates/macros/report/expandAllButtons.vm with loader org.apache.velocity.runtime.resource.loader.ClasspathResourceLoader
2021-11-06 14:32:34,638 - Velocimacro : added VM includeReportTable: source=/templates/macros/report/reportTable.vm
2021-11-06 14:32:34,638 - ResourceManager : found /templates/macros/report/reportTable.vm with loader org.apache.velocity.runtime.resource.loader.ClasspathResourceLoader
2021-11-06 14:32:34,640 - Velocimacro : added VM includeReportHeader: source=/templates/macros/report/reportHeader.vm
2021-11-06 14:32:34,640 - ResourceManager : found /templates/macros/report/reportHeader.vm with loader org.apache.velocity.runtime.resource.loader.ClasspathResourceLoader
2021-11-06 14:32:34,644 - Velocimacro : added VM includeStatsTable: source=/templates/macros/report/statsTable.vm
2021-11-06 14:32:34,644 - ResourceManager : found /templates/macros/report/statsTable.vm with loader org.apache.velocity.runtime.resource.loader.ClasspathResourceLoader
2021-11-06 14:32:34,645 - Velocimacro : added VM includeBrief: source=/templates/macros/json/brief.vm
2021-11-06 14:32:34,645 - ResourceManager : found /templates/macros/json/brief.vm with loader org.apache.velocity.runtime.resource.loader.ClasspathResourceLoader
2021-11-06 14:32:34,648 - Velocimacro : added VM includeDocString: source=/templates/macros/json/docstring.vm
2021-11-06 14:32:34,648 - ResourceManager : found /templates/macros/json/docstring.vm with loader org.apache.velocity.runtime.resource.loader.ClasspathResourceLoader
2021-11-06 14:32:34,650 - Velocimacro : added VM includeDuration: source=/templates/macros/json/duration.vm
2021-11-06 14:32:34,650 - ResourceManager : found /templates/macros/json/duration.vm with loader org.apache.velocity.runtime.resource.loader.ClasspathResourceLoader
2021-11-06 14:32:34,654 - Velocimacro : added VM includeElement: source=/templates/macros/json/element.vm
2021-11-06 14:32:34,654 - ResourceManager : found /templates/macros/json/element.vm with loader org.apache.velocity.runtime.resource.loader.ClasspathResourceLoader
2021-11-06 14:32:34,660 - Velocimacro : added VM includeEmbeddings: source=/templates/macros/json/embeddings.vm
2021-11-06 14:32:34,660 - Velocimacro : added VM includeHtmlEmbedding: source=/templates/macros/json/embeddings.vm
2021-11-06 14:32:34,661 - Velocimacro : added VM includeVideoEmbedding: source=/templates/macros/json/embeddings.vm
2021-11-06 14:32:34,661 - Velocimacro : added VM includeImageEmbedding: source=/templates/macros/json/embeddings.vm
2021-11-06 14:32:34,661 - Velocimacro : added VM includeImageReferenceEmbedding: source=/templates/macros/json/embeddings.vm
2021-11-06 14:32:34,661 - Velocimacro : added VM includeTextEmbedding: source=/templates/macros/json/embeddings.vm
2021-11-06 14:32:34,661 - Velocimacro : added VM includeUnknownEmbedding: source=/templates/macros/json/embeddings.vm
2021-11-06 14:32:34,661 - ResourceManager : found /templates/macros/json/embeddings.vm with loader org.apache.velocity.runtime.resource.loader.ClasspathResourceLoader
2021-11-06 14:32:34,663 - Velocimacro : added VM includeHooks: source=/templates/macros/json/hooks.vm
2021-11-06 14:32:34,664 - ResourceManager : found /templates/macros/json/hooks.vm with loader org.apache.velocity.runtime.resource.loader.ClasspathResourceLoader
2021-11-06 14:32:34,666 - Velocimacro : added VM includeOutput: source=/templates/macros/json/output.vm
2021-11-06 14:32:34,666 - ResourceManager : found /templates/macros/json/output.vm with loader org.apache.velocity.runtime.resource.loader.ClasspathResourceLoader
2021-11-06 14:32:34,667 - Velocimacro : added VM includeMessage: source=/templates/macros/json/message.vm
2021-11-06 14:32:34,667 - ResourceManager : found /templates/macros/json/message.vm with loader org.apache.velocity.runtime.resource.loader.ClasspathResourceLoader
2021-11-06 14:32:34,668 - Velocimacro : added VM includeSteps: source=/templates/macros/json/steps.vm
2021-11-06 14:32:34,668 - ResourceManager : found /templates/macros/json/steps.vm with loader org.apache.velocity.runtime.resource.loader.ClasspathResourceLoader
2021-11-06 14:32:34,669 - Velocimacro : added VM includeStepName: source=/templates/macros/json/stepName.vm
2021-11-06 14:32:34,669 - ResourceManager : found /templates/macros/json/stepName.vm with loader org.apache.velocity.runtime.resource.loader.ClasspathResourceLoader
2021-11-06 14:32:34,670 - Velocimacro : added VM includeTags: source=/templates/macros/json/tags.vm
2021-11-06 14:32:34,670 - ResourceManager : found /templates/macros/json/tags.vm with loader org.apache.velocity.runtime.resource.loader.ClasspathResourceLoader
2021-11-06 14:32:34,679 - VM #includeNavigation: too few arguments to macro. Wanted 1 got 0
2021-11-06 14:32:34,680 - Left side ($active_tab) of '==' operation has null value. If it is a reference, it may not be in the context or its toString() returned null. /templates/macros/page/navigation.vm[line 14, column 51]
2021-11-06 14:32:34,680 - Left side ($active_tab) of '==' operation has null value. If it is a reference, it may not be in the context or its toString() returned null. /templates/macros/page/navigation.vm[line 15, column 51]
2021-11-06 14:32:34,680 - Left side ($active_tab) of '==' operation has null value. If it is a reference, it may not be in the context or its toString() returned null. /templates/macros/page/navigation.vm[line 16, column 51]
2021-11-06 14:32:34,680 - Left side ($active_tab) of '==' operation has null value. If it is a reference, it may not be in the context or its toString() returned null. /templates/macros/page/navigation.vm[line 20, column 51]
2021-11-06 14:32:34,700 - ResourceManager : found /templates/footer.vm with loader org.apache.velocity.runtime.resource.loader.ClasspathResourceLoader
2021-11-06 15:10:18,281 - Log4JLogChute initialized using file 'target\velocity.log'
2021-11-06 15:10:18,282 - Initializing Velocity, Calling init()...
2021-11-06 15:10:18,282 - Starting Apache Velocity v1.7 (compiled: 2010-11-19 12:14:37)
2021-11-06 15:10:18,282 - Default Properties File: org\apache\velocity\runtime\defaults\velocity.properties
2021-11-06 15:10:18,282 - Trying to use logger class org.apache.velocity.runtime.log.AvalonLogChute
2021-11-06 15:10:18,282 - Target log system for org.apache.velocity.runtime.log.AvalonLogChute is not available (java.lang.NoClassDefFoundError: org/apache/log/format/Formatter).  Falling back to next log system...
2021-11-06 15:10:18,282 - Trying to use logger class org.apache.velocity.runtime.log.Log4JLogChute
2021-11-06 15:10:18,282 - Using logger class org.apache.velocity.runtime.log.Log4JLogChute
2021-11-06 15:10:18,283 - ResourceLoader instantiated: org.apache.velocity.runtime.resource.loader.ClasspathResourceLoader
2021-11-06 15:10:18,295 - ResourceCache: initialized (class org.apache.velocity.runtime.resource.ResourceCacheImpl) with class java.util.Collections$SynchronizedMap cache map.
2021-11-06 15:10:18,297 - Loaded System Directive: org.apache.velocity.runtime.directive.Stop
2021-11-06 15:10:18,299 - Loaded System Directive: org.apache.velocity.runtime.directive.Define
2021-11-06 15:10:18,299 - Loaded System Directive: org.apache.velocity.runtime.directive.Break
2021-11-06 15:10:18,300 - Loaded System Directive: org.apache.velocity.runtime.directive.Evaluate
2021-11-06 15:10:18,300 - Loaded System Directive: org.apache.velocity.runtime.directive.Literal
2021-11-06 15:10:18,301 - Loaded System Directive: org.apache.velocity.runtime.directive.Macro
2021-11-06 15:10:18,302 - Loaded System Directive: org.apache.velocity.runtime.directive.Parse
2021-11-06 15:10:18,302 - Loaded System Directive: org.apache.velocity.runtime.directive.Include
2021-11-06 15:10:18,303 - Loaded System Directive: org.apache.velocity.runtime.directive.Foreach
2021-11-06 15:10:18,321 - Created '20' parsers.
2021-11-06 15:10:18,325 - Velocimacro : "velocimacro.library" is not set.  Trying default library: VM_global_library.vm
2021-11-06 15:10:18,326 - Could not load resource 'VM_global_library.vm' from ResourceLoader org.apache.velocity.runtime.resource.loader.ClasspathResourceLoader: ClasspathResourceLoader Error: cannot find resource VM_global_library.vm
2021-11-06 15:10:18,326 - Velocimacro : Default library not found.
2021-11-06 15:10:18,326 - Velocimacro : allowInline = true : VMs can be defined inline in templates
2021-11-06 15:10:18,326 - Velocimacro : allowInlineToOverride = false : VMs defined inline may NOT replace previous VM definitions
2021-11-06 15:10:18,326 - Velocimacro : allowInlineLocal = false : VMs defined inline will be global in scope if allowed.
2021-11-06 15:10:18,326 - Velocimacro : autoload off : VM system will not automatically reload global library macros
2021-11-06 15:10:18,392 - ResourceManager : found templates/generators/errorpage.vm with loader org.apache.velocity.runtime.resource.loader.ClasspathResourceLoader
2021-11-06 15:10:18,395 - ResourceManager : found /templates/headers.vm with loader org.apache.velocity.runtime.resource.loader.ClasspathResourceLoader
2021-11-06 15:10:18,396 - ResourceManager : found /templates/head.vm with loader org.apache.velocity.runtime.resource.loader.ClasspathResourceLoader
2021-11-06 15:10:18,399 - Velocimacro : added VM stringArray: source=/templates/macros/array.js.vm
2021-11-06 15:10:18,399 - Velocimacro : added VM numberArray: source=/templates/macros/array.js.vm
2021-11-06 15:10:18,399 - ResourceManager : found /templates/macros/array.js.vm with loader org.apache.velocity.runtime.resource.loader.ClasspathResourceLoader
2021-11-06 15:10:18,401 - Velocimacro : added VM includeBuildInfo: source=/templates/macros/page/buildinfo.vm
2021-11-06 15:10:18,401 - ResourceManager : found /templates/macros/page/buildinfo.vm with loader org.apache.velocity.runtime.resource.loader.ClasspathResourceLoader
2021-11-06 15:10:18,403 - Velocimacro : added VM includeClassifications: source=/templates/macros/page/classifications.vm
2021-11-06 15:10:18,404 - ResourceManager : found /templates/macros/page/classifications.vm with loader org.apache.velocity.runtime.resource.loader.ClasspathResourceLoader
2021-11-06 15:10:18,404 - Velocimacro : added VM includeLead: source=/templates/macros/page/lead.vm
2021-11-06 15:10:18,404 - ResourceManager : found /templates/macros/page/lead.vm with loader org.apache.velocity.runtime.resource.loader.ClasspathResourceLoader
2021-11-06 15:10:18,406 - Velocimacro : added VM includeNavigation: source=/templates/macros/page/navigation.vm
2021-11-06 15:10:18,406 - ResourceManager : found /templates/macros/page/navigation.vm with loader org.apache.velocity.runtime.resource.loader.ClasspathResourceLoader
2021-11-06 15:10:18,408 - Velocimacro : added VM includeReportInfo: source=/templates/macros/page/reportInfo.vm
2021-11-06 15:10:18,408 - ResourceManager : found /templates/macros/page/reportInfo.vm with loader org.apache.velocity.runtime.resource.loader.ClasspathResourceLoader
2021-11-06 15:10:18,409 - Velocimacro : added VM includeTitle: source=/templates/macros/page/title.vm
2021-11-06 15:10:18,409 - ResourceManager : found /templates/macros/page/title.vm with loader org.apache.velocity.runtime.resource.loader.ClasspathResourceLoader
2021-11-06 15:10:18,410 - Velocimacro : added VM includeExpandingButtons: source=/templates/macros/report/expandAllButtons.vm
2021-11-06 15:10:18,410 - ResourceManager : found /templates/macros/report/expandAllButtons.vm with loader org.apache.velocity.runtime.resource.loader.ClasspathResourceLoader
2021-11-06 15:10:18,416 - Velocimacro : added VM includeReportTable: source=/templates/macros/report/reportTable.vm
2021-11-06 15:10:18,416 - ResourceManager : found /templates/macros/report/reportTable.vm with loader org.apache.velocity.runtime.resource.loader.ClasspathResourceLoader
2021-11-06 15:10:18,417 - Velocimacro : added VM includeReportHeader: source=/templates/macros/report/reportHeader.vm
2021-11-06 15:10:18,417 - ResourceManager : found /templates/macros/report/reportHeader.vm with loader org.apache.velocity.runtime.resource.loader.ClasspathResourceLoader
2021-11-06 15:10:18,423 - Velocimacro : added VM includeStatsTable: source=/templates/macros/report/statsTable.vm
2021-11-06 15:10:18,423 - ResourceManager : found /templates/macros/report/statsTable.vm with loader org.apache.velocity.runtime.resource.loader.ClasspathResourceLoader
2021-11-06 15:10:18,424 - Velocimacro : added VM includeBrief: source=/templates/macros/json/brief.vm
2021-11-06 15:10:18,424 - ResourceManager : found /templates/macros/json/brief.vm with loader org.apache.velocity.runtime.resource.loader.ClasspathResourceLoader
2021-11-06 15:10:18,425 - Velocimacro : added VM includeDocString: source=/templates/macros/json/docstring.vm
2021-11-06 15:10:18,425 - ResourceManager : found /templates/macros/json/docstring.vm with loader org.apache.velocity.runtime.resource.loader.ClasspathResourceLoader
2021-11-06 15:10:18,426 - Velocimacro : added VM includeDuration: source=/templates/macros/json/duration.vm
2021-11-06 15:10:18,426 - ResourceManager : found /templates/macros/json/duration.vm with loader org.apache.velocity.runtime.resource.loader.ClasspathResourceLoader
2021-11-06 15:10:18,429 - Velocimacro : added VM includeElement: source=/templates/macros/json/element.vm
2021-11-06 15:10:18,429 - ResourceManager : found /templates/macros/json/element.vm with loader org.apache.velocity.runtime.resource.loader.ClasspathResourceLoader
2021-11-06 15:10:18,435 - Velocimacro : added VM includeEmbeddings: source=/templates/macros/json/embeddings.vm
2021-11-06 15:10:18,435 - Velocimacro : added VM includeHtmlEmbedding: source=/templates/macros/json/embeddings.vm
2021-11-06 15:10:18,435 - Velocimacro : added VM includeVideoEmbedding: source=/templates/macros/json/embeddings.vm
2021-11-06 15:10:18,435 - Velocimacro : added VM includeImageEmbedding: source=/templates/macros/json/embeddings.vm
2021-11-06 15:10:18,436 - Velocimacro : added VM includeImageReferenceEmbedding: source=/templates/macros/json/embeddings.vm
2021-11-06 15:10:18,436 - Velocimacro : added VM includeTextEmbedding: source=/templates/macros/json/embeddings.vm
2021-11-06 15:10:18,436 - Velocimacro : added VM includeUnknownEmbedding: source=/templates/macros/json/embeddings.vm
2021-11-06 15:10:18,436 - ResourceManager : found /templates/macros/json/embeddings.vm with loader org.apache.velocity.runtime.resource.loader.ClasspathResourceLoader
2021-11-06 15:10:18,437 - Velocimacro : added VM includeHooks: source=/templates/macros/json/hooks.vm
2021-11-06 15:10:18,437 - ResourceManager : found /templates/macros/json/hooks.vm with loader org.apache.velocity.runtime.resource.loader.ClasspathResourceLoader
2021-11-06 15:10:18,439 - Velocimacro : added VM includeOutput: source=/templates/macros/json/output.vm
2021-11-06 15:10:18,439 - ResourceManager : found /templates/macros/json/output.vm with loader org.apache.velocity.runtime.resource.loader.ClasspathResourceLoader
2021-11-06 15:10:18,440 - Velocimacro : added VM includeMessage: source=/templates/macros/json/message.vm
2021-11-06 15:10:18,440 - ResourceManager : found /templates/macros/json/message.vm with loader org.apache.velocity.runtime.resource.loader.ClasspathResourceLoader
2021-11-06 15:10:18,442 - Velocimacro : added VM includeSteps: source=/templates/macros/json/steps.vm
2021-11-06 15:10:18,442 - ResourceManager : found /templates/macros/json/steps.vm with loader org.apache.velocity.runtime.resource.loader.ClasspathResourceLoader
2021-11-06 15:10:18,443 - Velocimacro : added VM includeStepName: source=/templates/macros/json/stepName.vm
2021-11-06 15:10:18,443 - ResourceManager : found /templates/macros/json/stepName.vm with loader org.apache.velocity.runtime.resource.loader.ClasspathResourceLoader
2021-11-06 15:10:18,444 - Velocimacro : added VM includeTags: source=/templates/macros/json/tags.vm
2021-11-06 15:10:18,444 - ResourceManager : found /templates/macros/json/tags.vm with loader org.apache.velocity.runtime.resource.loader.ClasspathResourceLoader
2021-11-06 15:10:18,452 - VM #includeNavigation: too few arguments to macro. Wanted 1 got 0
2021-11-06 15:10:18,452 - Left side ($active_tab) of '==' operation has null value. If it is a reference, it may not be in the context or its toString() returned null. /templates/macros/page/navigation.vm[line 14, column 51]
2021-11-06 15:10:18,452 - Left side ($active_tab) of '==' operation has null value. If it is a reference, it may not be in the context or its toString() returned null. /templates/macros/page/navigation.vm[line 15, column 51]
2021-11-06 15:10:18,452 - Left side ($active_tab) of '==' operation has null value. If it is a reference, it may not be in the context or its toString() returned null. /templates/macros/page/navigation.vm[line 16, column 51]
2021-11-06 15:10:18,452 - Left side ($active_tab) of '==' operation has null value. If it is a reference, it may not be in the context or its toString() returned null. /templates/macros/page/navigation.vm[line 20, column 51]
2021-11-06 15:10:18,468 - ResourceManager : found /templates/footer.vm with loader org.apache.velocity.runtime.resource.loader.ClasspathResourceLoader
2021-11-10 23:42:19,758 - Log4JLogChute initialized using file 'target\velocity.log'
2021-11-10 23:42:19,759 - Initializing Velocity, Calling init()...
2021-11-10 23:42:19,759 - Starting Apache Velocity v1.7 (compiled: 2010-11-19 12:14:37)
2021-11-10 23:42:19,759 - Default Properties File: org\apache\velocity\runtime\defaults\velocity.properties
2021-11-10 23:42:19,759 - Trying to use logger class org.apache.velocity.runtime.log.AvalonLogChute
2021-11-10 23:42:19,759 - Target log system for org.apache.velocity.runtime.log.AvalonLogChute is not available (java.lang.NoClassDefFoundError: org/apache/log/format/Formatter).  Falling back to next log system...
2021-11-10 23:42:19,759 - Trying to use logger class org.apache.velocity.runtime.log.Log4JLogChute
2021-11-10 23:42:19,759 - Using logger class org.apache.velocity.runtime.log.Log4JLogChute
2021-11-10 23:42:19,762 - ResourceLoader instantiated: org.apache.velocity.runtime.resource.loader.ClasspathResourceLoader
2021-11-10 23:42:19,771 - ResourceCache: initialized (class org.apache.velocity.runtime.resource.ResourceCacheImpl) with class java.util.Collections$SynchronizedMap cache map.
2021-11-10 23:42:19,773 - Loaded System Directive: org.apache.velocity.runtime.directive.Stop
2021-11-10 23:42:19,775 - Loaded System Directive: org.apache.velocity.runtime.directive.Define
2021-11-10 23:42:19,776 - Loaded System Directive: org.apache.velocity.runtime.directive.Break
2021-11-10 23:42:19,777 - Loaded System Directive: org.apache.velocity.runtime.directive.Evaluate
2021-11-10 23:42:19,777 - Loaded System Directive: org.apache.velocity.runtime.directive.Literal
2021-11-10 23:42:19,779 - Loaded System Directive: org.apache.velocity.runtime.directive.Macro
2021-11-10 23:42:19,780 - Loaded System Directive: org.apache.velocity.runtime.directive.Parse
2021-11-10 23:42:19,782 - Loaded System Directive: org.apache.velocity.runtime.directive.Include
2021-11-10 23:42:19,783 - Loaded System Directive: org.apache.velocity.runtime.directive.Foreach
2021-11-10 23:42:19,808 - Created '20' parsers.
2021-11-10 23:42:19,812 - Velocimacro : "velocimacro.library" is not set.  Trying default library: VM_global_library.vm
2021-11-10 23:42:19,814 - Could not load resource 'VM_global_library.vm' from ResourceLoader org.apache.velocity.runtime.resource.loader.ClasspathResourceLoader: ClasspathResourceLoader Error: cannot find resource VM_global_library.vm
2021-11-10 23:42:19,814 - Velocimacro : Default library not found.
2021-11-10 23:42:19,814 - Velocimacro : allowInline = true : VMs can be defined inline in templates
2021-11-10 23:42:19,814 - Velocimacro : allowInlineToOverride = false : VMs defined inline may NOT replace previous VM definitions
2021-11-10 23:42:19,814 - Velocimacro : allowInlineLocal = false : VMs defined inline will be global in scope if allowed.
2021-11-10 23:42:19,814 - Velocimacro : autoload off : VM system will not automatically reload global library macros
2021-11-10 23:42:19,972 - ResourceManager : found templates/generators/errorpage.vm with loader org.apache.velocity.runtime.resource.loader.ClasspathResourceLoader
2021-11-10 23:42:19,980 - ResourceManager : found /templates/headers.vm with loader org.apache.velocity.runtime.resource.loader.ClasspathResourceLoader
2021-11-10 23:42:19,981 - ResourceManager : found /templates/head.vm with loader org.apache.velocity.runtime.resource.loader.ClasspathResourceLoader
2021-11-10 23:42:19,987 - Velocimacro : added VM stringArray: source=/templates/macros/array.js.vm
2021-11-10 23:42:19,987 - Velocimacro : added VM numberArray: source=/templates/macros/array.js.vm
2021-11-10 23:42:19,987 - ResourceManager : found /templates/macros/array.js.vm with loader org.apache.velocity.runtime.resource.loader.ClasspathResourceLoader
2021-11-10 23:42:19,992 - Velocimacro : added VM includeBuildInfo: source=/templates/macros/page/buildinfo.vm
2021-11-10 23:42:19,992 - ResourceManager : found /templates/macros/page/buildinfo.vm with loader org.apache.velocity.runtime.resource.loader.ClasspathResourceLoader
2021-11-10 23:42:19,998 - Velocimacro : added VM includeClassifications: source=/templates/macros/page/classifications.vm
2021-11-10 23:42:19,999 - ResourceManager : found /templates/macros/page/classifications.vm with loader org.apache.velocity.runtime.resource.loader.ClasspathResourceLoader
2021-11-10 23:42:20,000 - Velocimacro : added VM includeLead: source=/templates/macros/page/lead.vm
2021-11-10 23:42:20,001 - ResourceManager : found /templates/macros/page/lead.vm with loader org.apache.velocity.runtime.resource.loader.ClasspathResourceLoader
2021-11-10 23:42:20,006 - Velocimacro : added VM includeNavigation: source=/templates/macros/page/navigation.vm
2021-11-10 23:42:20,006 - ResourceManager : found /templates/macros/page/navigation.vm with loader org.apache.velocity.runtime.resource.loader.ClasspathResourceLoader
2021-11-10 23:42:20,012 - Velocimacro : added VM includeReportInfo: source=/templates/macros/page/reportInfo.vm
2021-11-10 23:42:20,012 - ResourceManager : found /templates/macros/page/reportInfo.vm with loader org.apache.velocity.runtime.resource.loader.ClasspathResourceLoader
2021-11-10 23:42:20,013 - Velocimacro : added VM includeTitle: source=/templates/macros/page/title.vm
2021-11-10 23:42:20,013 - ResourceManager : found /templates/macros/page/title.vm with loader org.apache.velocity.runtime.resource.loader.ClasspathResourceLoader
2021-11-10 23:42:20,014 - Velocimacro : added VM includeExpandingButtons: source=/templates/macros/report/expandAllButtons.vm
2021-11-10 23:42:20,014 - ResourceManager : found /templates/macros/report/expandAllButtons.vm with loader org.apache.velocity.runtime.resource.loader.ClasspathResourceLoader
2021-11-10 23:42:20,020 - Velocimacro : added VM includeReportTable: source=/templates/macros/report/reportTable.vm
2021-11-10 23:42:20,020 - ResourceManager : found /templates/macros/report/reportTable.vm with loader org.apache.velocity.runtime.resource.loader.ClasspathResourceLoader
2021-11-10 23:42:20,022 - Velocimacro : added VM includeReportHeader: source=/templates/macros/report/reportHeader.vm
2021-11-10 23:42:20,023 - ResourceManager : found /templates/macros/report/reportHeader.vm with loader org.apache.velocity.runtime.resource.loader.ClasspathResourceLoader
2021-11-10 23:42:20,034 - Velocimacro : added VM includeStatsTable: source=/templates/macros/report/statsTable.vm
2021-11-10 23:42:20,034 - ResourceManager : found /templates/macros/report/statsTable.vm with loader org.apache.velocity.runtime.resource.loader.ClasspathResourceLoader
2021-11-10 23:42:20,036 - Velocimacro : added VM includeBrief: source=/templates/macros/json/brief.vm
2021-11-10 23:42:20,036 - ResourceManager : found /templates/macros/json/brief.vm with loader org.apache.velocity.runtime.resource.loader.ClasspathResourceLoader
2021-11-10 23:42:20,039 - Velocimacro : added VM includeDocString: source=/templates/macros/json/docstring.vm
2021-11-10 23:42:20,039 - ResourceManager : found /templates/macros/json/docstring.vm with loader org.apache.velocity.runtime.resource.loader.ClasspathResourceLoader
2021-11-10 23:42:20,043 - Velocimacro : added VM includeDuration: source=/templates/macros/json/duration.vm
2021-11-10 23:42:20,044 - ResourceManager : found /templates/macros/json/duration.vm with loader org.apache.velocity.runtime.resource.loader.ClasspathResourceLoader
2021-11-10 23:42:20,048 - Velocimacro : added VM includeElement: source=/templates/macros/json/element.vm
2021-11-10 23:42:20,048 - ResourceManager : found /templates/macros/json/element.vm with loader org.apache.velocity.runtime.resource.loader.ClasspathResourceLoader
2021-11-10 23:42:20,061 - Velocimacro : added VM includeEmbeddings: source=/templates/macros/json/embeddings.vm
2021-11-10 23:42:20,061 - Velocimacro : added VM includeHtmlEmbedding: source=/templates/macros/json/embeddings.vm
2021-11-10 23:42:20,061 - Velocimacro : added VM includeVideoEmbedding: source=/templates/macros/json/embeddings.vm
2021-11-10 23:42:20,061 - Velocimacro : added VM includeImageEmbedding: source=/templates/macros/json/embeddings.vm
2021-11-10 23:42:20,062 - Velocimacro : added VM includeImageReferenceEmbedding: source=/templates/macros/json/embeddings.vm
2021-11-10 23:42:20,062 - Velocimacro : added VM includeTextEmbedding: source=/templates/macros/json/embeddings.vm
2021-11-10 23:42:20,062 - Velocimacro : added VM includeUnknownEmbedding: source=/templates/macros/json/embeddings.vm
2021-11-10 23:42:20,062 - ResourceManager : found /templates/macros/json/embeddings.vm with loader org.apache.velocity.runtime.resource.loader.ClasspathResourceLoader
2021-11-10 23:42:20,066 - Velocimacro : added VM includeHooks: source=/templates/macros/json/hooks.vm
2021-11-10 23:42:20,066 - ResourceManager : found /templates/macros/json/hooks.vm with loader org.apache.velocity.runtime.resource.loader.ClasspathResourceLoader
2021-11-10 23:42:20,069 - Velocimacro : added VM includeOutput: source=/templates/macros/json/output.vm
2021-11-10 23:42:20,069 - ResourceManager : found /templates/macros/json/output.vm with loader org.apache.velocity.runtime.resource.loader.ClasspathResourceLoader
2021-11-10 23:42:20,071 - Velocimacro : added VM includeMessage: source=/templates/macros/json/message.vm
2021-11-10 23:42:20,071 - ResourceManager : found /templates/macros/json/message.vm with loader org.apache.velocity.runtime.resource.loader.ClasspathResourceLoader
2021-11-10 23:42:20,073 - Velocimacro : added VM includeSteps: source=/templates/macros/json/steps.vm
2021-11-10 23:42:20,073 - ResourceManager : found /templates/macros/json/steps.vm with loader org.apache.velocity.runtime.resource.loader.ClasspathResourceLoader
2021-11-10 23:42:20,076 - Velocimacro : added VM includeStepName: source=/templates/macros/json/stepName.vm
2021-11-10 23:42:20,076 - ResourceManager : found /templates/macros/json/stepName.vm with loader org.apache.velocity.runtime.resource.loader.ClasspathResourceLoader
2021-11-10 23:42:20,078 - Velocimacro : added VM includeTags: source=/templates/macros/json/tags.vm
2021-11-10 23:42:20,078 - ResourceManager : found /templates/macros/json/tags.vm with loader org.apache.velocity.runtime.resource.loader.ClasspathResourceLoader
2021-11-10 23:42:20,089 - VM #includeNavigation: too few arguments to macro. Wanted 1 got 0
2021-11-10 23:42:20,091 - Left side ($active_tab) of '==' operation has null value. If it is a reference, it may not be in the context or its toString() returned null. /templates/macros/page/navigation.vm[line 14, column 51]
2021-11-10 23:42:20,091 - Left side ($active_tab) of '==' operation has null value. If it is a reference, it may not be in the context or its toString() returned null. /templates/macros/page/navigation.vm[line 15, column 51]
2021-11-10 23:42:20,091 - Left side ($active_tab) of '==' operation has null value. If it is a reference, it may not be in the context or its toString() returned null. /templates/macros/page/navigation.vm[line 16, column 51]
2021-11-10 23:42:20,091 - Left side ($active_tab) of '==' operation has null value. If it is a reference, it may not be in the context or its toString() returned null. /templates/macros/page/navigation.vm[line 20, column 51]
2021-11-10 23:42:20,112 - ResourceManager : found /templates/footer.vm with loader org.apache.velocity.runtime.resource.loader.ClasspathResourceLoader
2021-11-10 23:42:56,992 - Log4JLogChute initialized using file 'target\velocity.log'
2021-11-10 23:42:56,993 - Initializing Velocity, Calling init()...
2021-11-10 23:42:56,993 - Starting Apache Velocity v1.7 (compiled: 2010-11-19 12:14:37)
2021-11-10 23:42:56,993 - Default Properties File: org\apache\velocity\runtime\defaults\velocity.properties
2021-11-10 23:42:56,993 - Trying to use logger class org.apache.velocity.runtime.log.AvalonLogChute
2021-11-10 23:42:56,993 - Target log system for org.apache.velocity.runtime.log.AvalonLogChute is not available (java.lang.NoClassDefFoundError: org/apache/log/format/Formatter).  Falling back to next log system...
2021-11-10 23:42:56,993 - Trying to use logger class org.apache.velocity.runtime.log.Log4JLogChute
2021-11-10 23:42:56,993 - Using logger class org.apache.velocity.runtime.log.Log4JLogChute
2021-11-10 23:42:56,995 - ResourceLoader instantiated: org.apache.velocity.runtime.resource.loader.ClasspathResourceLoader
2021-11-10 23:42:57,007 - ResourceCache: initialized (class org.apache.velocity.runtime.resource.ResourceCacheImpl) with class java.util.Collections$SynchronizedMap cache map.
2021-11-10 23:42:57,008 - Loaded System Directive: org.apache.velocity.runtime.directive.Stop
2021-11-10 23:42:57,009 - Loaded System Directive: org.apache.velocity.runtime.directive.Define
2021-11-10 23:42:57,010 - Loaded System Directive: org.apache.velocity.runtime.directive.Break
2021-11-10 23:42:57,011 - Loaded System Directive: org.apache.velocity.runtime.directive.Evaluate
2021-11-10 23:42:57,011 - Loaded System Directive: org.apache.velocity.runtime.directive.Literal
2021-11-10 23:42:57,012 - Loaded System Directive: org.apache.velocity.runtime.directive.Macro
2021-11-10 23:42:57,013 - Loaded System Directive: org.apache.velocity.runtime.directive.Parse
2021-11-10 23:42:57,015 - Loaded System Directive: org.apache.velocity.runtime.directive.Include
2021-11-10 23:42:57,017 - Loaded System Directive: org.apache.velocity.runtime.directive.Foreach
2021-11-10 23:42:57,065 - Created '20' parsers.
2021-11-10 23:42:57,074 - Velocimacro : "velocimacro.library" is not set.  Trying default library: VM_global_library.vm
2021-11-10 23:42:57,075 - Could not load resource 'VM_global_library.vm' from ResourceLoader org.apache.velocity.runtime.resource.loader.ClasspathResourceLoader: ClasspathResourceLoader Error: cannot find resource VM_global_library.vm
2021-11-10 23:42:57,075 - Velocimacro : Default library not found.
2021-11-10 23:42:57,076 - Velocimacro : allowInline = true : VMs can be defined inline in templates
2021-11-10 23:42:57,076 - Velocimacro : allowInlineToOverride = false : VMs defined inline may NOT replace previous VM definitions
2021-11-10 23:42:57,076 - Velocimacro : allowInlineLocal = false : VMs defined inline will be global in scope if allowed.
2021-11-10 23:42:57,076 - Velocimacro : autoload off : VM system will not automatically reload global library macros
2021-11-10 23:42:57,213 - ResourceManager : found templates/generators/errorpage.vm with loader org.apache.velocity.runtime.resource.loader.ClasspathResourceLoader
2021-11-10 23:42:57,219 - ResourceManager : found /templates/headers.vm with loader org.apache.velocity.runtime.resource.loader.ClasspathResourceLoader
2021-11-10 23:42:57,221 - ResourceManager : found /templates/head.vm with loader org.apache.velocity.runtime.resource.loader.ClasspathResourceLoader
2021-11-10 23:42:57,224 - Velocimacro : added VM stringArray: source=/templates/macros/array.js.vm
2021-11-10 23:42:57,224 - Velocimacro : added VM numberArray: source=/templates/macros/array.js.vm
2021-11-10 23:42:57,224 - ResourceManager : found /templates/macros/array.js.vm with loader org.apache.velocity.runtime.resource.loader.ClasspathResourceLoader
2021-11-10 23:42:57,226 - Velocimacro : added VM includeBuildInfo: source=/templates/macros/page/buildinfo.vm
2021-11-10 23:42:57,227 - ResourceManager : found /templates/macros/page/buildinfo.vm with loader org.apache.velocity.runtime.resource.loader.ClasspathResourceLoader
2021-11-10 23:42:57,232 - Velocimacro : added VM includeClassifications: source=/templates/macros/page/classifications.vm
2021-11-10 23:42:57,232 - ResourceManager : found /templates/macros/page/classifications.vm with loader org.apache.velocity.runtime.resource.loader.ClasspathResourceLoader
2021-11-10 23:42:57,234 - Velocimacro : added VM includeLead: source=/templates/macros/page/lead.vm
2021-11-10 23:42:57,234 - ResourceManager : found /templates/macros/page/lead.vm with loader org.apache.velocity.runtime.resource.loader.ClasspathResourceLoader
2021-11-10 23:42:57,237 - Velocimacro : added VM includeNavigation: source=/templates/macros/page/navigation.vm
2021-11-10 23:42:57,237 - ResourceManager : found /templates/macros/page/navigation.vm with loader org.apache.velocity.runtime.resource.loader.ClasspathResourceLoader
2021-11-10 23:42:57,240 - Velocimacro : added VM includeReportInfo: source=/templates/macros/page/reportInfo.vm
2021-11-10 23:42:57,240 - ResourceManager : found /templates/macros/page/reportInfo.vm with loader org.apache.velocity.runtime.resource.loader.ClasspathResourceLoader
2021-11-10 23:42:57,242 - Velocimacro : added VM includeTitle: source=/templates/macros/page/title.vm
2021-11-10 23:42:57,242 - ResourceManager : found /templates/macros/page/title.vm with loader org.apache.velocity.runtime.resource.loader.ClasspathResourceLoader
2021-11-10 23:42:57,244 - Velocimacro : added VM includeExpandingButtons: source=/templates/macros/report/expandAllButtons.vm
2021-11-10 23:42:57,244 - ResourceManager : found /templates/macros/report/expandAllButtons.vm with loader org.apache.velocity.runtime.resource.loader.ClasspathResourceLoader
2021-11-10 23:42:57,251 - Velocimacro : added VM includeReportTable: source=/templates/macros/report/reportTable.vm
2021-11-10 23:42:57,251 - ResourceManager : found /templates/macros/report/reportTable.vm with loader org.apache.velocity.runtime.resource.loader.ClasspathResourceLoader
2021-11-10 23:42:57,253 - Velocimacro : added VM includeReportHeader: source=/templates/macros/report/reportHeader.vm
2021-11-10 23:42:57,253 - ResourceManager : found /templates/macros/report/reportHeader.vm with loader org.apache.velocity.runtime.resource.loader.ClasspathResourceLoader
2021-11-10 23:42:57,260 - Velocimacro : added VM includeStatsTable: source=/templates/macros/report/statsTable.vm
2021-11-10 23:42:57,260 - ResourceManager : found /templates/macros/report/statsTable.vm with loader org.apache.velocity.runtime.resource.loader.ClasspathResourceLoader
2021-11-10 23:42:57,261 - Velocimacro : added VM includeBrief: source=/templates/macros/json/brief.vm
2021-11-10 23:42:57,262 - ResourceManager : found /templates/macros/json/brief.vm with loader org.apache.velocity.runtime.resource.loader.ClasspathResourceLoader
2021-11-10 23:42:57,262 - Velocimacro : added VM includeDocString: source=/templates/macros/json/docstring.vm
2021-11-10 23:42:57,262 - ResourceManager : found /templates/macros/json/docstring.vm with loader org.apache.velocity.runtime.resource.loader.ClasspathResourceLoader
2021-11-10 23:42:57,263 - Velocimacro : added VM includeDuration: source=/templates/macros/json/duration.vm
2021-11-10 23:42:57,263 - ResourceManager : found /templates/macros/json/duration.vm with loader org.apache.velocity.runtime.resource.loader.ClasspathResourceLoader
2021-11-10 23:42:57,267 - Velocimacro : added VM includeElement: source=/templates/macros/json/element.vm
2021-11-10 23:42:57,268 - ResourceManager : found /templates/macros/json/element.vm with loader org.apache.velocity.runtime.resource.loader.ClasspathResourceLoader
2021-11-10 23:42:57,276 - Velocimacro : added VM includeEmbeddings: source=/templates/macros/json/embeddings.vm
2021-11-10 23:42:57,276 - Velocimacro : added VM includeHtmlEmbedding: source=/templates/macros/json/embeddings.vm
2021-11-10 23:42:57,276 - Velocimacro : added VM includeVideoEmbedding: source=/templates/macros/json/embeddings.vm
2021-11-10 23:42:57,277 - Velocimacro : added VM includeImageEmbedding: source=/templates/macros/json/embeddings.vm
2021-11-10 23:42:57,277 - Velocimacro : added VM includeImageReferenceEmbedding: source=/templates/macros/json/embeddings.vm
2021-11-10 23:42:57,277 - Velocimacro : added VM includeTextEmbedding: source=/templates/macros/json/embeddings.vm
2021-11-10 23:42:57,277 - Velocimacro : added VM includeUnknownEmbedding: source=/templates/macros/json/embeddings.vm
2021-11-10 23:42:57,277 - ResourceManager : found /templates/macros/json/embeddings.vm with loader org.apache.velocity.runtime.resource.loader.ClasspathResourceLoader
2021-11-10 23:42:57,280 - Velocimacro : added VM includeHooks: source=/templates/macros/json/hooks.vm
2021-11-10 23:42:57,280 - ResourceManager : found /templates/macros/json/hooks.vm with loader org.apache.velocity.runtime.resource.loader.ClasspathResourceLoader
2021-11-10 23:42:57,283 - Velocimacro : added VM includeOutput: source=/templates/macros/json/output.vm
2021-11-10 23:42:57,283 - ResourceManager : found /templates/macros/json/output.vm with loader org.apache.velocity.runtime.resource.loader.ClasspathResourceLoader
2021-11-10 23:42:57,285 - Velocimacro : added VM includeMessage: source=/templates/macros/json/message.vm
2021-11-10 23:42:57,285 - ResourceManager : found /templates/macros/json/message.vm with loader org.apache.velocity.runtime.resource.loader.ClasspathResourceLoader
2021-11-10 23:42:57,288 - Velocimacro : added VM includeSteps: source=/templates/macros/json/steps.vm
2021-11-10 23:42:57,288 - ResourceManager : found /templates/macros/json/steps.vm with loader org.apache.velocity.runtime.resource.loader.ClasspathResourceLoader
2021-11-10 23:42:57,289 - Velocimacro : added VM includeStepName: source=/templates/macros/json/stepName.vm
2021-11-10 23:42:57,289 - ResourceManager : found /templates/macros/json/stepName.vm with loader org.apache.velocity.runtime.resource.loader.ClasspathResourceLoader
2021-11-10 23:42:57,290 - Velocimacro : added VM includeTags: source=/templates/macros/json/tags.vm
2021-11-10 23:42:57,290 - ResourceManager : found /templates/macros/json/tags.vm with loader org.apache.velocity.runtime.resource.loader.ClasspathResourceLoader
2021-11-10 23:42:57,297 - VM #includeNavigation: too few arguments to macro. Wanted 1 got 0
2021-11-10 23:42:57,298 - Left side ($active_tab) of '==' operation has null value. If it is a reference, it may not be in the context or its toString() returned null. /templates/macros/page/navigation.vm[line 14, column 51]
2021-11-10 23:42:57,299 - Left side ($active_tab) of '==' operation has null value. If it is a reference, it may not be in the context or its toString() returned null. /templates/macros/page/navigation.vm[line 15, column 51]
2021-11-10 23:42:57,299 - Left side ($active_tab) of '==' operation has null value. If it is a reference, it may not be in the context or its toString() returned null. /templates/macros/page/navigation.vm[line 16, column 51]
2021-11-10 23:42:57,299 - Left side ($active_tab) of '==' operation has null value. If it is a reference, it may not be in the context or its toString() returned null. /templates/macros/page/navigation.vm[line 20, column 51]
2021-11-10 23:42:57,317 - ResourceManager : found /templates/footer.vm with loader org.apache.velocity.runtime.resource.loader.ClasspathResourceLoader
2021-11-10 23:44:38,638 - Log4JLogChute initialized using file 'target\velocity.log'
2021-11-10 23:44:38,638 - Initializing Velocity, Calling init()...
2021-11-10 23:44:38,638 - Starting Apache Velocity v1.7 (compiled: 2010-11-19 12:14:37)
2021-11-10 23:44:38,638 - Default Properties File: org\apache\velocity\runtime\defaults\velocity.properties
2021-11-10 23:44:38,638 - Trying to use logger class org.apache.velocity.runtime.log.AvalonLogChute
2021-11-10 23:44:38,638 - Target log system for org.apache.velocity.runtime.log.AvalonLogChute is not available (java.lang.NoClassDefFoundError: org/apache/log/format/Formatter).  Falling back to next log system...
2021-11-10 23:44:38,638 - Trying to use logger class org.apache.velocity.runtime.log.Log4JLogChute
2021-11-10 23:44:38,638 - Using logger class org.apache.velocity.runtime.log.Log4JLogChute
2021-11-10 23:44:38,640 - ResourceLoader instantiated: org.apache.velocity.runtime.resource.loader.ClasspathResourceLoader
2021-11-10 23:44:38,650 - ResourceCache: initialized (class org.apache.velocity.runtime.resource.ResourceCacheImpl) with class java.util.Collections$SynchronizedMap cache map.
2021-11-10 23:44:38,652 - Loaded System Directive: org.apache.velocity.runtime.directive.Stop
2021-11-10 23:44:38,652 - Loaded System Directive: org.apache.velocity.runtime.directive.Define
2021-11-10 23:44:38,653 - Loaded System Directive: org.apache.velocity.runtime.directive.Break
2021-11-10 23:44:38,653 - Loaded System Directive: org.apache.velocity.runtime.directive.Evaluate
2021-11-10 23:44:38,654 - Loaded System Directive: org.apache.velocity.runtime.directive.Literal
2021-11-10 23:44:38,655 - Loaded System Directive: org.apache.velocity.runtime.directive.Macro
2021-11-10 23:44:38,656 - Loaded System Directive: org.apache.velocity.runtime.directive.Parse
2021-11-10 23:44:38,657 - Loaded System Directive: org.apache.velocity.runtime.directive.Include
2021-11-10 23:44:38,658 - Loaded System Directive: org.apache.velocity.runtime.directive.Foreach
2021-11-10 23:44:38,685 - Created '20' parsers.
2021-11-10 23:44:38,689 - Velocimacro : "velocimacro.library" is not set.  Trying default library: VM_global_library.vm
2021-11-10 23:44:38,690 - Could not load resource 'VM_global_library.vm' from ResourceLoader org.apache.velocity.runtime.resource.loader.ClasspathResourceLoader: ClasspathResourceLoader Error: cannot find resource VM_global_library.vm
2021-11-10 23:44:38,690 - Velocimacro : Default library not found.
2021-11-10 23:44:38,690 - Velocimacro : allowInline = true : VMs can be defined inline in templates
2021-11-10 23:44:38,690 - Velocimacro : allowInlineToOverride = false : VMs defined inline may NOT replace previous VM definitions
2021-11-10 23:44:38,690 - Velocimacro : allowInlineLocal = false : VMs defined inline will be global in scope if allowed.
2021-11-10 23:44:38,690 - Velocimacro : autoload off : VM system will not automatically reload global library macros
2021-11-10 23:44:38,765 - ResourceManager : found templates/generators/errorpage.vm with loader org.apache.velocity.runtime.resource.loader.ClasspathResourceLoader
2021-11-10 23:44:38,769 - ResourceManager : found /templates/headers.vm with loader org.apache.velocity.runtime.resource.loader.ClasspathResourceLoader
2021-11-10 23:44:38,769 - ResourceManager : found /templates/head.vm with loader org.apache.velocity.runtime.resource.loader.ClasspathResourceLoader
2021-11-10 23:44:38,773 - Velocimacro : added VM stringArray: source=/templates/macros/array.js.vm
2021-11-10 23:44:38,773 - Velocimacro : added VM numberArray: source=/templates/macros/array.js.vm
2021-11-10 23:44:38,773 - ResourceManager : found /templates/macros/array.js.vm with loader org.apache.velocity.runtime.resource.loader.ClasspathResourceLoader
2021-11-10 23:44:38,775 - Velocimacro : added VM includeBuildInfo: source=/templates/macros/page/buildinfo.vm
2021-11-10 23:44:38,776 - ResourceManager : found /templates/macros/page/buildinfo.vm with loader org.apache.velocity.runtime.resource.loader.ClasspathResourceLoader
2021-11-10 23:44:38,779 - Velocimacro : added VM includeClassifications: source=/templates/macros/page/classifications.vm
2021-11-10 23:44:38,779 - ResourceManager : found /templates/macros/page/classifications.vm with loader org.apache.velocity.runtime.resource.loader.ClasspathResourceLoader
2021-11-10 23:44:38,780 - Velocimacro : added VM includeLead: source=/templates/macros/page/lead.vm
2021-11-10 23:44:38,780 - ResourceManager : found /templates/macros/page/lead.vm with loader org.apache.velocity.runtime.resource.loader.ClasspathResourceLoader
2021-11-10 23:44:38,782 - Velocimacro : added VM includeNavigation: source=/templates/macros/page/navigation.vm
2021-11-10 23:44:38,782 - ResourceManager : found /templates/macros/page/navigation.vm with loader org.apache.velocity.runtime.resource.loader.ClasspathResourceLoader
2021-11-10 23:44:38,784 - Velocimacro : added VM includeReportInfo: source=/templates/macros/page/reportInfo.vm
2021-11-10 23:44:38,784 - ResourceManager : found /templates/macros/page/reportInfo.vm with loader org.apache.velocity.runtime.resource.loader.ClasspathResourceLoader
2021-11-10 23:44:38,785 - Velocimacro : added VM includeTitle: source=/templates/macros/page/title.vm
2021-11-10 23:44:38,785 - ResourceManager : found /templates/macros/page/title.vm with loader org.apache.velocity.runtime.resource.loader.ClasspathResourceLoader
2021-11-10 23:44:38,786 - Velocimacro : added VM includeExpandingButtons: source=/templates/macros/report/expandAllButtons.vm
2021-11-10 23:44:38,786 - ResourceManager : found /templates/macros/report/expandAllButtons.vm with loader org.apache.velocity.runtime.resource.loader.ClasspathResourceLoader
2021-11-10 23:44:38,789 - Velocimacro : added VM includeReportTable: source=/templates/macros/report/reportTable.vm
2021-11-10 23:44:38,789 - ResourceManager : found /templates/macros/report/reportTable.vm with loader org.apache.velocity.runtime.resource.loader.ClasspathResourceLoader
2021-11-10 23:44:38,791 - Velocimacro : added VM includeReportHeader: source=/templates/macros/report/reportHeader.vm
2021-11-10 23:44:38,791 - ResourceManager : found /templates/macros/report/reportHeader.vm with loader org.apache.velocity.runtime.resource.loader.ClasspathResourceLoader
2021-11-10 23:44:38,795 - Velocimacro : added VM includeStatsTable: source=/templates/macros/report/statsTable.vm
2021-11-10 23:44:38,795 - ResourceManager : found /templates/macros/report/statsTable.vm with loader org.apache.velocity.runtime.resource.loader.ClasspathResourceLoader
2021-11-10 23:44:38,796 - Velocimacro : added VM includeBrief: source=/templates/macros/json/brief.vm
2021-11-10 23:44:38,796 - ResourceManager : found /templates/macros/json/brief.vm with loader org.apache.velocity.runtime.resource.loader.ClasspathResourceLoader
2021-11-10 23:44:38,797 - Velocimacro : added VM includeDocString: source=/templates/macros/json/docstring.vm
2021-11-10 23:44:38,797 - ResourceManager : found /templates/macros/json/docstring.vm with loader org.apache.velocity.runtime.resource.loader.ClasspathResourceLoader
2021-11-10 23:44:38,798 - Velocimacro : added VM includeDuration: source=/templates/macros/json/duration.vm
2021-11-10 23:44:38,798 - ResourceManager : found /templates/macros/json/duration.vm with loader org.apache.velocity.runtime.resource.loader.ClasspathResourceLoader
2021-11-10 23:44:38,800 - Velocimacro : added VM includeElement: source=/templates/macros/json/element.vm
2021-11-10 23:44:38,800 - ResourceManager : found /templates/macros/json/element.vm with loader org.apache.velocity.runtime.resource.loader.ClasspathResourceLoader
2021-11-10 23:44:38,809 - Velocimacro : added VM includeEmbeddings: source=/templates/macros/json/embeddings.vm
2021-11-10 23:44:38,809 - Velocimacro : added VM includeHtmlEmbedding: source=/templates/macros/json/embeddings.vm
2021-11-10 23:44:38,809 - Velocimacro : added VM includeVideoEmbedding: source=/templates/macros/json/embeddings.vm
2021-11-10 23:44:38,809 - Velocimacro : added VM includeImageEmbedding: source=/templates/macros/json/embeddings.vm
2021-11-10 23:44:38,809 - Velocimacro : added VM includeImageReferenceEmbedding: source=/templates/macros/json/embeddings.vm
2021-11-10 23:44:38,810 - Velocimacro : added VM includeTextEmbedding: source=/templates/macros/json/embeddings.vm
2021-11-10 23:44:38,810 - Velocimacro : added VM includeUnknownEmbedding: source=/templates/macros/json/embeddings.vm
2021-11-10 23:44:38,810 - ResourceManager : found /templates/macros/json/embeddings.vm with loader org.apache.velocity.runtime.resource.loader.ClasspathResourceLoader
2021-11-10 23:44:38,811 - Velocimacro : added VM includeHooks: source=/templates/macros/json/hooks.vm
2021-11-10 23:44:38,811 - ResourceManager : found /templates/macros/json/hooks.vm with loader org.apache.velocity.runtime.resource.loader.ClasspathResourceLoader
2021-11-10 23:44:38,813 - Velocimacro : added VM includeOutput: source=/templates/macros/json/output.vm
2021-11-10 23:44:38,813 - ResourceManager : found /templates/macros/json/output.vm with loader org.apache.velocity.runtime.resource.loader.ClasspathResourceLoader
2021-11-10 23:44:38,814 - Velocimacro : added VM includeMessage: source=/templates/macros/json/message.vm
2021-11-10 23:44:38,814 - ResourceManager : found /templates/macros/json/message.vm with loader org.apache.velocity.runtime.resource.loader.ClasspathResourceLoader
2021-11-10 23:44:38,816 - Velocimacro : added VM includeSteps: source=/templates/macros/json/steps.vm
2021-11-10 23:44:38,816 - ResourceManager : found /templates/macros/json/steps.vm with loader org.apache.velocity.runtime.resource.loader.ClasspathResourceLoader
2021-11-10 23:44:38,817 - Velocimacro : added VM includeStepName: source=/templates/macros/json/stepName.vm
2021-11-10 23:44:38,817 - ResourceManager : found /templates/macros/json/stepName.vm with loader org.apache.velocity.runtime.resource.loader.ClasspathResourceLoader
2021-11-10 23:44:38,818 - Velocimacro : added VM includeTags: source=/templates/macros/json/tags.vm
2021-11-10 23:44:38,818 - ResourceManager : found /templates/macros/json/tags.vm with loader org.apache.velocity.runtime.resource.loader.ClasspathResourceLoader
2021-11-10 23:44:38,827 - VM #includeNavigation: too few arguments to macro. Wanted 1 got 0
2021-11-10 23:44:38,827 - Left side ($active_tab) of '==' operation has null value. If it is a reference, it may not be in the context or its toString() returned null. /templates/macros/page/navigation.vm[line 14, column 51]
2021-11-10 23:44:38,828 - Left side ($active_tab) of '==' operation has null value. If it is a reference, it may not be in the context or its toString() returned null. /templates/macros/page/navigation.vm[line 15, column 51]
2021-11-10 23:44:38,828 - Left side ($active_tab) of '==' operation has null value. If it is a reference, it may not be in the context or its toString() returned null. /templates/macros/page/navigation.vm[line 16, column 51]
2021-11-10 23:44:38,828 - Left side ($active_tab) of '==' operation has null value. If it is a reference, it may not be in the context or its toString() returned null. /templates/macros/page/navigation.vm[line 20, column 51]
2021-11-10 23:44:38,845 - ResourceManager : found /templates/footer.vm with loader org.apache.velocity.runtime.resource.loader.ClasspathResourceLoader
2021-11-10 23:46:12,228 - Log4JLogChute initialized using file 'target\velocity.log'
2021-11-10 23:46:12,229 - Initializing Velocity, Calling init()...
2021-11-10 23:46:12,229 - Starting Apache Velocity v1.7 (compiled: 2010-11-19 12:14:37)
2021-11-10 23:46:12,229 - Default Properties File: org\apache\velocity\runtime\defaults\velocity.properties
2021-11-10 23:46:12,229 - Trying to use logger class org.apache.velocity.runtime.log.AvalonLogChute
2021-11-10 23:46:12,229 - Target log system for org.apache.velocity.runtime.log.AvalonLogChute is not available (java.lang.NoClassDefFoundError: org/apache/log/format/Formatter).  Falling back to next log system...
2021-11-10 23:46:12,229 - Trying to use logger class org.apache.velocity.runtime.log.Log4JLogChute
2021-11-10 23:46:12,229 - Using logger class org.apache.velocity.runtime.log.Log4JLogChute
2021-11-10 23:46:12,232 - ResourceLoader instantiated: org.apache.velocity.runtime.resource.loader.ClasspathResourceLoader
2021-11-10 23:46:12,239 - ResourceCache: initialized (class org.apache.velocity.runtime.resource.ResourceCacheImpl) with class java.util.Collections$SynchronizedMap cache map.
2021-11-10 23:46:12,240 - Loaded System Directive: org.apache.velocity.runtime.directive.Stop
2021-11-10 23:46:12,241 - Loaded System Directive: org.apache.velocity.runtime.directive.Define
2021-11-10 23:46:12,242 - Loaded System Directive: org.apache.velocity.runtime.directive.Break
2021-11-10 23:46:12,243 - Loaded System Directive: org.apache.velocity.runtime.directive.Evaluate
2021-11-10 23:46:12,243 - Loaded System Directive: org.apache.velocity.runtime.directive.Literal
2021-11-10 23:46:12,244 - Loaded System Directive: org.apache.velocity.runtime.directive.Macro
2021-11-10 23:46:12,245 - Loaded System Directive: org.apache.velocity.runtime.directive.Parse
2021-11-10 23:46:12,246 - Loaded System Directive: org.apache.velocity.runtime.directive.Include
2021-11-10 23:46:12,247 - Loaded System Directive: org.apache.velocity.runtime.directive.Foreach
2021-11-10 23:46:12,266 - Created '20' parsers.
2021-11-10 23:46:12,269 - Velocimacro : "velocimacro.library" is not set.  Trying default library: VM_global_library.vm
2021-11-10 23:46:12,269 - Could not load resource 'VM_global_library.vm' from ResourceLoader org.apache.velocity.runtime.resource.loader.ClasspathResourceLoader: ClasspathResourceLoader Error: cannot find resource VM_global_library.vm
2021-11-10 23:46:12,269 - Velocimacro : Default library not found.
2021-11-10 23:46:12,269 - Velocimacro : allowInline = true : VMs can be defined inline in templates
2021-11-10 23:46:12,269 - Velocimacro : allowInlineToOverride = false : VMs defined inline may NOT replace previous VM definitions
2021-11-10 23:46:12,269 - Velocimacro : allowInlineLocal = false : VMs defined inline will be global in scope if allowed.
2021-11-10 23:46:12,269 - Velocimacro : autoload off : VM system will not automatically reload global library macros
2021-11-10 23:46:12,343 - ResourceManager : found templates/generators/errorpage.vm with loader org.apache.velocity.runtime.resource.loader.ClasspathResourceLoader
2021-11-10 23:46:12,346 - ResourceManager : found /templates/headers.vm with loader org.apache.velocity.runtime.resource.loader.ClasspathResourceLoader
2021-11-10 23:46:12,346 - ResourceManager : found /templates/head.vm with loader org.apache.velocity.runtime.resource.loader.ClasspathResourceLoader
2021-11-10 23:46:12,348 - Velocimacro : added VM stringArray: source=/templates/macros/array.js.vm
2021-11-10 23:46:12,348 - Velocimacro : added VM numberArray: source=/templates/macros/array.js.vm
2021-11-10 23:46:12,348 - ResourceManager : found /templates/macros/array.js.vm with loader org.apache.velocity.runtime.resource.loader.ClasspathResourceLoader
2021-11-10 23:46:12,350 - Velocimacro : added VM includeBuildInfo: source=/templates/macros/page/buildinfo.vm
2021-11-10 23:46:12,350 - ResourceManager : found /templates/macros/page/buildinfo.vm with loader org.apache.velocity.runtime.resource.loader.ClasspathResourceLoader
2021-11-10 23:46:12,354 - Velocimacro : added VM includeClassifications: source=/templates/macros/page/classifications.vm
2021-11-10 23:46:12,354 - ResourceManager : found /templates/macros/page/classifications.vm with loader org.apache.velocity.runtime.resource.loader.ClasspathResourceLoader
2021-11-10 23:46:12,354 - Velocimacro : added VM includeLead: source=/templates/macros/page/lead.vm
2021-11-10 23:46:12,354 - ResourceManager : found /templates/macros/page/lead.vm with loader org.apache.velocity.runtime.resource.loader.ClasspathResourceLoader
2021-11-10 23:46:12,356 - Velocimacro : added VM includeNavigation: source=/templates/macros/page/navigation.vm
2021-11-10 23:46:12,356 - ResourceManager : found /templates/macros/page/navigation.vm with loader org.apache.velocity.runtime.resource.loader.ClasspathResourceLoader
2021-11-10 23:46:12,359 - Velocimacro : added VM includeReportInfo: source=/templates/macros/page/reportInfo.vm
2021-11-10 23:46:12,359 - ResourceManager : found /templates/macros/page/reportInfo.vm with loader org.apache.velocity.runtime.resource.loader.ClasspathResourceLoader
2021-11-10 23:46:12,361 - Velocimacro : added VM includeTitle: source=/templates/macros/page/title.vm
2021-11-10 23:46:12,361 - ResourceManager : found /templates/macros/page/title.vm with loader org.apache.velocity.runtime.resource.loader.ClasspathResourceLoader
2021-11-10 23:46:12,362 - Velocimacro : added VM includeExpandingButtons: source=/templates/macros/report/expandAllButtons.vm
2021-11-10 23:46:12,362 - ResourceManager : found /templates/macros/report/expandAllButtons.vm with loader org.apache.velocity.runtime.resource.loader.ClasspathResourceLoader
2021-11-10 23:46:12,366 - Velocimacro : added VM includeReportTable: source=/templates/macros/report/reportTable.vm
2021-11-10 23:46:12,366 - ResourceManager : found /templates/macros/report/reportTable.vm with loader org.apache.velocity.runtime.resource.loader.ClasspathResourceLoader
2021-11-10 23:46:12,367 - Velocimacro : added VM includeReportHeader: source=/templates/macros/report/reportHeader.vm
2021-11-10 23:46:12,367 - ResourceManager : found /templates/macros/report/reportHeader.vm with loader org.apache.velocity.runtime.resource.loader.ClasspathResourceLoader
2021-11-10 23:46:12,371 - Velocimacro : added VM includeStatsTable: source=/templates/macros/report/statsTable.vm
2021-11-10 23:46:12,371 - ResourceManager : found /templates/macros/report/statsTable.vm with loader org.apache.velocity.runtime.resource.loader.ClasspathResourceLoader
2021-11-10 23:46:12,372 - Velocimacro : added VM includeBrief: source=/templates/macros/json/brief.vm
2021-11-10 23:46:12,372 - ResourceManager : found /templates/macros/json/brief.vm with loader org.apache.velocity.runtime.resource.loader.ClasspathResourceLoader
2021-11-10 23:46:12,373 - Velocimacro : added VM includeDocString: source=/templates/macros/json/docstring.vm
2021-11-10 23:46:12,373 - ResourceManager : found /templates/macros/json/docstring.vm with loader org.apache.velocity.runtime.resource.loader.ClasspathResourceLoader
2021-11-10 23:46:12,374 - Velocimacro : added VM includeDuration: source=/templates/macros/json/duration.vm
2021-11-10 23:46:12,374 - ResourceManager : found /templates/macros/json/duration.vm with loader org.apache.velocity.runtime.resource.loader.ClasspathResourceLoader
2021-11-10 23:46:12,376 - Velocimacro : added VM includeElement: source=/templates/macros/json/element.vm
2021-11-10 23:46:12,376 - ResourceManager : found /templates/macros/json/element.vm with loader org.apache.velocity.runtime.resource.loader.ClasspathResourceLoader
2021-11-10 23:46:12,384 - Velocimacro : added VM includeEmbeddings: source=/templates/macros/json/embeddings.vm
2021-11-10 23:46:12,384 - Velocimacro : added VM includeHtmlEmbedding: source=/templates/macros/json/embeddings.vm
2021-11-10 23:46:12,385 - Velocimacro : added VM includeVideoEmbedding: source=/templates/macros/json/embeddings.vm
2021-11-10 23:46:12,385 - Velocimacro : added VM includeImageEmbedding: source=/templates/macros/json/embeddings.vm
2021-11-10 23:46:12,385 - Velocimacro : added VM includeImageReferenceEmbedding: source=/templates/macros/json/embeddings.vm
2021-11-10 23:46:12,385 - Velocimacro : added VM includeTextEmbedding: source=/templates/macros/json/embeddings.vm
2021-11-10 23:46:12,385 - Velocimacro : added VM includeUnknownEmbedding: source=/templates/macros/json/embeddings.vm
2021-11-10 23:46:12,385 - ResourceManager : found /templates/macros/json/embeddings.vm with loader org.apache.velocity.runtime.resource.loader.ClasspathResourceLoader
2021-11-10 23:46:12,387 - Velocimacro : added VM includeHooks: source=/templates/macros/json/hooks.vm
2021-11-10 23:46:12,387 - ResourceManager : found /templates/macros/json/hooks.vm with loader org.apache.velocity.runtime.resource.loader.ClasspathResourceLoader
2021-11-10 23:46:12,389 - Velocimacro : added VM includeOutput: source=/templates/macros/json/output.vm
2021-11-10 23:46:12,389 - ResourceManager : found /templates/macros/json/output.vm with loader org.apache.velocity.runtime.resource.loader.ClasspathResourceLoader
2021-11-10 23:46:12,390 - Velocimacro : added VM includeMessage: source=/templates/macros/json/message.vm
2021-11-10 23:46:12,390 - ResourceManager : found /templates/macros/json/message.vm with loader org.apache.velocity.runtime.resource.loader.ClasspathResourceLoader
2021-11-10 23:46:12,393 - Velocimacro : added VM includeSteps: source=/templates/macros/json/steps.vm
2021-11-10 23:46:12,393 - ResourceManager : found /templates/macros/json/steps.vm with loader org.apache.velocity.runtime.resource.loader.ClasspathResourceLoader
2021-11-10 23:46:12,394 - Velocimacro : added VM includeStepName: source=/templates/macros/json/stepName.vm
2021-11-10 23:46:12,394 - ResourceManager : found /templates/macros/json/stepName.vm with loader org.apache.velocity.runtime.resource.loader.ClasspathResourceLoader
2021-11-10 23:46:12,395 - Velocimacro : added VM includeTags: source=/templates/macros/json/tags.vm
2021-11-10 23:46:12,395 - ResourceManager : found /templates/macros/json/tags.vm with loader org.apache.velocity.runtime.resource.loader.ClasspathResourceLoader
2021-11-10 23:46:12,402 - VM #includeNavigation: too few arguments to macro. Wanted 1 got 0
2021-11-10 23:46:12,402 - Left side ($active_tab) of '==' operation has null value. If it is a reference, it may not be in the context or its toString() returned null. /templates/macros/page/navigation.vm[line 14, column 51]
2021-11-10 23:46:12,403 - Left side ($active_tab) of '==' operation has null value. If it is a reference, it may not be in the context or its toString() returned null. /templates/macros/page/navigation.vm[line 15, column 51]
2021-11-10 23:46:12,403 - Left side ($active_tab) of '==' operation has null value. If it is a reference, it may not be in the context or its toString() returned null. /templates/macros/page/navigation.vm[line 16, column 51]
2021-11-10 23:46:12,403 - Left side ($active_tab) of '==' operation has null value. If it is a reference, it may not be in the context or its toString() returned null. /templates/macros/page/navigation.vm[line 20, column 51]
2021-11-10 23:46:12,422 - ResourceManager : found /templates/footer.vm with loader org.apache.velocity.runtime.resource.loader.ClasspathResourceLoader
2021-11-10 23:49:07,156 - Log4JLogChute initialized using file 'target\velocity.log'
2021-11-10 23:49:07,157 - Initializing Velocity, Calling init()...
2021-11-10 23:49:07,157 - Starting Apache Velocity v1.7 (compiled: 2010-11-19 12:14:37)
2021-11-10 23:49:07,157 - Default Properties File: org\apache\velocity\runtime\defaults\velocity.properties
2021-11-10 23:49:07,157 - Trying to use logger class org.apache.velocity.runtime.log.AvalonLogChute
2021-11-10 23:49:07,157 - Target log system for org.apache.velocity.runtime.log.AvalonLogChute is not available (java.lang.NoClassDefFoundError: org/apache/log/format/Formatter).  Falling back to next log system...
2021-11-10 23:49:07,157 - Trying to use logger class org.apache.velocity.runtime.log.Log4JLogChute
2021-11-10 23:49:07,157 - Using logger class org.apache.velocity.runtime.log.Log4JLogChute
2021-11-10 23:49:07,159 - ResourceLoader instantiated: org.apache.velocity.runtime.resource.loader.ClasspathResourceLoader
2021-11-10 23:49:07,168 - ResourceCache: initialized (class org.apache.velocity.runtime.resource.ResourceCacheImpl) with class java.util.Collections$SynchronizedMap cache map.
2021-11-10 23:49:07,169 - Loaded System Directive: org.apache.velocity.runtime.directive.Stop
2021-11-10 23:49:07,170 - Loaded System Directive: org.apache.velocity.runtime.directive.Define
2021-11-10 23:49:07,170 - Loaded System Directive: org.apache.velocity.runtime.directive.Break
2021-11-10 23:49:07,171 - Loaded System Directive: org.apache.velocity.runtime.directive.Evaluate
2021-11-10 23:49:07,171 - Loaded System Directive: org.apache.velocity.runtime.directive.Literal
2021-11-10 23:49:07,172 - Loaded System Directive: org.apache.velocity.runtime.directive.Macro
2021-11-10 23:49:07,173 - Loaded System Directive: org.apache.velocity.runtime.directive.Parse
2021-11-10 23:49:07,173 - Loaded System Directive: org.apache.velocity.runtime.directive.Include
2021-11-10 23:49:07,174 - Loaded System Directive: org.apache.velocity.runtime.directive.Foreach
2021-11-10 23:49:07,195 - Created '20' parsers.
2021-11-10 23:49:07,199 - Velocimacro : "velocimacro.library" is not set.  Trying default library: VM_global_library.vm
2021-11-10 23:49:07,199 - Could not load resource 'VM_global_library.vm' from ResourceLoader org.apache.velocity.runtime.resource.loader.ClasspathResourceLoader: ClasspathResourceLoader Error: cannot find resource VM_global_library.vm
2021-11-10 23:49:07,199 - Velocimacro : Default library not found.
2021-11-10 23:49:07,199 - Velocimacro : allowInline = true : VMs can be defined inline in templates
2021-11-10 23:49:07,199 - Velocimacro : allowInlineToOverride = false : VMs defined inline may NOT replace previous VM definitions
2021-11-10 23:49:07,199 - Velocimacro : allowInlineLocal = false : VMs defined inline will be global in scope if allowed.
2021-11-10 23:49:07,199 - Velocimacro : autoload off : VM system will not automatically reload global library macros
2021-11-10 23:49:07,271 - ResourceManager : found templates/generators/errorpage.vm with loader org.apache.velocity.runtime.resource.loader.ClasspathResourceLoader
2021-11-10 23:49:07,274 - ResourceManager : found /templates/headers.vm with loader org.apache.velocity.runtime.resource.loader.ClasspathResourceLoader
2021-11-10 23:49:07,275 - ResourceManager : found /templates/head.vm with loader org.apache.velocity.runtime.resource.loader.ClasspathResourceLoader
2021-11-10 23:49:07,278 - Velocimacro : added VM stringArray: source=/templates/macros/array.js.vm
2021-11-10 23:49:07,278 - Velocimacro : added VM numberArray: source=/templates/macros/array.js.vm
2021-11-10 23:49:07,278 - ResourceManager : found /templates/macros/array.js.vm with loader org.apache.velocity.runtime.resource.loader.ClasspathResourceLoader
2021-11-10 23:49:07,279 - Velocimacro : added VM includeBuildInfo: source=/templates/macros/page/buildinfo.vm
2021-11-10 23:49:07,279 - ResourceManager : found /templates/macros/page/buildinfo.vm with loader org.apache.velocity.runtime.resource.loader.ClasspathResourceLoader
2021-11-10 23:49:07,282 - Velocimacro : added VM includeClassifications: source=/templates/macros/page/classifications.vm
2021-11-10 23:49:07,282 - ResourceManager : found /templates/macros/page/classifications.vm with loader org.apache.velocity.runtime.resource.loader.ClasspathResourceLoader
2021-11-10 23:49:07,283 - Velocimacro : added VM includeLead: source=/templates/macros/page/lead.vm
2021-11-10 23:49:07,283 - ResourceManager : found /templates/macros/page/lead.vm with loader org.apache.velocity.runtime.resource.loader.ClasspathResourceLoader
2021-11-10 23:49:07,285 - Velocimacro : added VM includeNavigation: source=/templates/macros/page/navigation.vm
2021-11-10 23:49:07,285 - ResourceManager : found /templates/macros/page/navigation.vm with loader org.apache.velocity.runtime.resource.loader.ClasspathResourceLoader
2021-11-10 23:49:07,287 - Velocimacro : added VM includeReportInfo: source=/templates/macros/page/reportInfo.vm
2021-11-10 23:49:07,287 - ResourceManager : found /templates/macros/page/reportInfo.vm with loader org.apache.velocity.runtime.resource.loader.ClasspathResourceLoader
2021-11-10 23:49:07,288 - Velocimacro : added VM includeTitle: source=/templates/macros/page/title.vm
2021-11-10 23:49:07,288 - ResourceManager : found /templates/macros/page/title.vm with loader org.apache.velocity.runtime.resource.loader.ClasspathResourceLoader
2021-11-10 23:49:07,288 - Velocimacro : added VM includeExpandingButtons: source=/templates/macros/report/expandAllButtons.vm
2021-11-10 23:49:07,288 - ResourceManager : found /templates/macros/report/expandAllButtons.vm with loader org.apache.velocity.runtime.resource.loader.ClasspathResourceLoader
2021-11-10 23:49:07,291 - Velocimacro : added VM includeReportTable: source=/templates/macros/report/reportTable.vm
2021-11-10 23:49:07,291 - ResourceManager : found /templates/macros/report/reportTable.vm with loader org.apache.velocity.runtime.resource.loader.ClasspathResourceLoader
2021-11-10 23:49:07,293 - Velocimacro : added VM includeReportHeader: source=/templates/macros/report/reportHeader.vm
2021-11-10 23:49:07,293 - ResourceManager : found /templates/macros/report/reportHeader.vm with loader org.apache.velocity.runtime.resource.loader.ClasspathResourceLoader
2021-11-10 23:49:07,297 - Velocimacro : added VM includeStatsTable: source=/templates/macros/report/statsTable.vm
2021-11-10 23:49:07,297 - ResourceManager : found /templates/macros/report/statsTable.vm with loader org.apache.velocity.runtime.resource.loader.ClasspathResourceLoader
2021-11-10 23:49:07,298 - Velocimacro : added VM includeBrief: source=/templates/macros/json/brief.vm
2021-11-10 23:49:07,298 - ResourceManager : found /templates/macros/json/brief.vm with loader org.apache.velocity.runtime.resource.loader.ClasspathResourceLoader
2021-11-10 23:49:07,299 - Velocimacro : added VM includeDocString: source=/templates/macros/json/docstring.vm
2021-11-10 23:49:07,299 - ResourceManager : found /templates/macros/json/docstring.vm with loader org.apache.velocity.runtime.resource.loader.ClasspathResourceLoader
2021-11-10 23:49:07,300 - Velocimacro : added VM includeDuration: source=/templates/macros/json/duration.vm
2021-11-10 23:49:07,300 - ResourceManager : found /templates/macros/json/duration.vm with loader org.apache.velocity.runtime.resource.loader.ClasspathResourceLoader
2021-11-10 23:49:07,302 - Velocimacro : added VM includeElement: source=/templates/macros/json/element.vm
2021-11-10 23:49:07,302 - ResourceManager : found /templates/macros/json/element.vm with loader org.apache.velocity.runtime.resource.loader.ClasspathResourceLoader
2021-11-10 23:49:07,315 - Velocimacro : added VM includeEmbeddings: source=/templates/macros/json/embeddings.vm
2021-11-10 23:49:07,315 - Velocimacro : added VM includeHtmlEmbedding: source=/templates/macros/json/embeddings.vm
2021-11-10 23:49:07,315 - Velocimacro : added VM includeVideoEmbedding: source=/templates/macros/json/embeddings.vm
2021-11-10 23:49:07,315 - Velocimacro : added VM includeImageEmbedding: source=/templates/macros/json/embeddings.vm
2021-11-10 23:49:07,315 - Velocimacro : added VM includeImageReferenceEmbedding: source=/templates/macros/json/embeddings.vm
2021-11-10 23:49:07,316 - Velocimacro : added VM includeTextEmbedding: source=/templates/macros/json/embeddings.vm
2021-11-10 23:49:07,316 - Velocimacro : added VM includeUnknownEmbedding: source=/templates/macros/json/embeddings.vm
2021-11-10 23:49:07,316 - ResourceManager : found /templates/macros/json/embeddings.vm with loader org.apache.velocity.runtime.resource.loader.ClasspathResourceLoader
2021-11-10 23:49:07,318 - Velocimacro : added VM includeHooks: source=/templates/macros/json/hooks.vm
2021-11-10 23:49:07,318 - ResourceManager : found /templates/macros/json/hooks.vm with loader org.apache.velocity.runtime.resource.loader.ClasspathResourceLoader
2021-11-10 23:49:07,321 - Velocimacro : added VM includeOutput: source=/templates/macros/json/output.vm
2021-11-10 23:49:07,321 - ResourceManager : found /templates/macros/json/output.vm with loader org.apache.velocity.runtime.resource.loader.ClasspathResourceLoader
2021-11-10 23:49:07,322 - Velocimacro : added VM includeMessage: source=/templates/macros/json/message.vm
2021-11-10 23:49:07,322 - ResourceManager : found /templates/macros/json/message.vm with loader org.apache.velocity.runtime.resource.loader.ClasspathResourceLoader
2021-11-10 23:49:07,325 - Velocimacro : added VM includeSteps: source=/templates/macros/json/steps.vm
2021-11-10 23:49:07,325 - ResourceManager : found /templates/macros/json/steps.vm with loader org.apache.velocity.runtime.resource.loader.ClasspathResourceLoader
2021-11-10 23:49:07,326 - Velocimacro : added VM includeStepName: source=/templates/macros/json/stepName.vm
2021-11-10 23:49:07,326 - ResourceManager : found /templates/macros/json/stepName.vm with loader org.apache.velocity.runtime.resource.loader.ClasspathResourceLoader
2021-11-10 23:49:07,327 - Velocimacro : added VM includeTags: source=/templates/macros/json/tags.vm
2021-11-10 23:49:07,327 - ResourceManager : found /templates/macros/json/tags.vm with loader org.apache.velocity.runtime.resource.loader.ClasspathResourceLoader
2021-11-10 23:49:07,334 - VM #includeNavigation: too few arguments to macro. Wanted 1 got 0
2021-11-10 23:49:07,335 - Left side ($active_tab) of '==' operation has null value. If it is a reference, it may not be in the context or its toString() returned null. /templates/macros/page/navigation.vm[line 14, column 51]
2021-11-10 23:49:07,335 - Left side ($active_tab) of '==' operation has null value. If it is a reference, it may not be in the context or its toString() returned null. /templates/macros/page/navigation.vm[line 15, column 51]
2021-11-10 23:49:07,335 - Left side ($active_tab) of '==' operation has null value. If it is a reference, it may not be in the context or its toString() returned null. /templates/macros/page/navigation.vm[line 16, column 51]
2021-11-10 23:49:07,335 - Left side ($active_tab) of '==' operation has null value. If it is a reference, it may not be in the context or its toString() returned null. /templates/macros/page/navigation.vm[line 20, column 51]
2021-11-10 23:49:07,353 - ResourceManager : found /templates/footer.vm with loader org.apache.velocity.runtime.resource.loader.ClasspathResourceLoader
2021-11-17 16:03:50,803 - Log4JLogChute initialized using file 'target\velocity.log'
2021-11-17 16:03:50,803 - Initializing Velocity, Calling init()...
2021-11-17 16:03:50,803 - Starting Apache Velocity v1.7 (compiled: 2010-11-19 12:14:37)
2021-11-17 16:03:50,804 - Default Properties File: org\apache\velocity\runtime\defaults\velocity.properties
2021-11-17 16:03:50,804 - Trying to use logger class org.apache.velocity.runtime.log.AvalonLogChute
2021-11-17 16:03:50,804 - Target log system for org.apache.velocity.runtime.log.AvalonLogChute is not available (java.lang.NoClassDefFoundError: org/apache/log/format/Formatter).  Falling back to next log system...
2021-11-17 16:03:50,804 - Trying to use logger class org.apache.velocity.runtime.log.Log4JLogChute
2021-11-17 16:03:50,804 - Using logger class org.apache.velocity.runtime.log.Log4JLogChute
2021-11-17 16:03:50,806 - ResourceLoader instantiated: org.apache.velocity.runtime.resource.loader.ClasspathResourceLoader
2021-11-17 16:03:50,826 - ResourceCache: initialized (class org.apache.velocity.runtime.resource.ResourceCacheImpl) with class java.util.Collections$SynchronizedMap cache map.
2021-11-17 16:03:50,828 - Loaded System Directive: org.apache.velocity.runtime.directive.Stop
2021-11-17 16:03:50,829 - Loaded System Directive: org.apache.velocity.runtime.directive.Define
2021-11-17 16:03:50,831 - Loaded System Directive: org.apache.velocity.runtime.directive.Break
2021-11-17 16:03:50,832 - Loaded System Directive: org.apache.velocity.runtime.directive.Evaluate
2021-11-17 16:03:50,833 - Loaded System Directive: org.apache.velocity.runtime.directive.Literal
2021-11-17 16:03:50,834 - Loaded System Directive: org.apache.velocity.runtime.directive.Macro
2021-11-17 16:03:50,835 - Loaded System Directive: org.apache.velocity.runtime.directive.Parse
2021-11-17 16:03:50,837 - Loaded System Directive: org.apache.velocity.runtime.directive.Include
2021-11-17 16:03:50,838 - Loaded System Directive: org.apache.velocity.runtime.directive.Foreach
2021-11-17 16:03:50,874 - Created '20' parsers.
2021-11-17 16:03:50,879 - Velocimacro : "velocimacro.library" is not set.  Trying default library: VM_global_library.vm
2021-11-17 16:03:50,880 - Could not load resource 'VM_global_library.vm' from ResourceLoader org.apache.velocity.runtime.resource.loader.ClasspathResourceLoader: ClasspathResourceLoader Error: cannot find resource VM_global_library.vm
2021-11-17 16:03:50,880 - Velocimacro : Default library not found.
2021-11-17 16:03:50,880 - Velocimacro : allowInline = true : VMs can be defined inline in templates
2021-11-17 16:03:50,880 - Velocimacro : allowInlineToOverride = false : VMs defined inline may NOT replace previous VM definitions
2021-11-17 16:03:50,880 - Velocimacro : allowInlineLocal = false : VMs defined inline will be global in scope if allowed.
2021-11-17 16:03:50,880 - Velocimacro : autoload off : VM system will not automatically reload global library macros
2021-11-17 16:03:50,999 - ResourceManager : found templates/generators/errorpage.vm with loader org.apache.velocity.runtime.resource.loader.ClasspathResourceLoader
2021-11-17 16:03:51,002 - ResourceManager : found /templates/headers.vm with loader org.apache.velocity.runtime.resource.loader.ClasspathResourceLoader
2021-11-17 16:03:51,002 - ResourceManager : found /templates/head.vm with loader org.apache.velocity.runtime.resource.loader.ClasspathResourceLoader
2021-11-17 16:03:51,004 - Velocimacro : added VM stringArray: source=/templates/macros/array.js.vm
2021-11-17 16:03:51,005 - Velocimacro : added VM numberArray: source=/templates/macros/array.js.vm
2021-11-17 16:03:51,005 - ResourceManager : found /templates/macros/array.js.vm with loader org.apache.velocity.runtime.resource.loader.ClasspathResourceLoader
2021-11-17 16:03:51,007 - Velocimacro : added VM includeBuildInfo: source=/templates/macros/page/buildinfo.vm
2021-11-17 16:03:51,007 - ResourceManager : found /templates/macros/page/buildinfo.vm with loader org.apache.velocity.runtime.resource.loader.ClasspathResourceLoader
2021-11-17 16:03:51,011 - Velocimacro : added VM includeClassifications: source=/templates/macros/page/classifications.vm
2021-11-17 16:03:51,011 - ResourceManager : found /templates/macros/page/classifications.vm with loader org.apache.velocity.runtime.resource.loader.ClasspathResourceLoader
2021-11-17 16:03:51,012 - Velocimacro : added VM includeLead: source=/templates/macros/page/lead.vm
2021-11-17 16:03:51,012 - ResourceManager : found /templates/macros/page/lead.vm with loader org.apache.velocity.runtime.resource.loader.ClasspathResourceLoader
2021-11-17 16:03:51,014 - Velocimacro : added VM includeNavigation: source=/templates/macros/page/navigation.vm
2021-11-17 16:03:51,015 - ResourceManager : found /templates/macros/page/navigation.vm with loader org.apache.velocity.runtime.resource.loader.ClasspathResourceLoader
2021-11-17 16:03:51,022 - Velocimacro : added VM includeReportInfo: source=/templates/macros/page/reportInfo.vm
2021-11-17 16:03:51,022 - ResourceManager : found /templates/macros/page/reportInfo.vm with loader org.apache.velocity.runtime.resource.loader.ClasspathResourceLoader
2021-11-17 16:03:51,023 - Velocimacro : added VM includeTitle: source=/templates/macros/page/title.vm
2021-11-17 16:03:51,023 - ResourceManager : found /templates/macros/page/title.vm with loader org.apache.velocity.runtime.resource.loader.ClasspathResourceLoader
2021-11-17 16:03:51,024 - Velocimacro : added VM includeExpandingButtons: source=/templates/macros/report/expandAllButtons.vm
2021-11-17 16:03:51,024 - ResourceManager : found /templates/macros/report/expandAllButtons.vm with loader org.apache.velocity.runtime.resource.loader.ClasspathResourceLoader
2021-11-17 16:03:51,028 - Velocimacro : added VM includeReportTable: source=/templates/macros/report/reportTable.vm
2021-11-17 16:03:51,028 - ResourceManager : found /templates/macros/report/reportTable.vm with loader org.apache.velocity.runtime.resource.loader.ClasspathResourceLoader
2021-11-17 16:03:51,029 - Velocimacro : added VM includeReportHeader: source=/templates/macros/report/reportHeader.vm
2021-11-17 16:03:51,029 - ResourceManager : found /templates/macros/report/reportHeader.vm with loader org.apache.velocity.runtime.resource.loader.ClasspathResourceLoader
2021-11-17 16:03:51,034 - Velocimacro : added VM includeStatsTable: source=/templates/macros/report/statsTable.vm
2021-11-17 16:03:51,034 - ResourceManager : found /templates/macros/report/statsTable.vm with loader org.apache.velocity.runtime.resource.loader.ClasspathResourceLoader
2021-11-17 16:03:51,035 - Velocimacro : added VM includeBrief: source=/templates/macros/json/brief.vm
2021-11-17 16:03:51,035 - ResourceManager : found /templates/macros/json/brief.vm with loader org.apache.velocity.runtime.resource.loader.ClasspathResourceLoader
2021-11-17 16:03:51,036 - Velocimacro : added VM includeDocString: source=/templates/macros/json/docstring.vm
2021-11-17 16:03:51,036 - ResourceManager : found /templates/macros/json/docstring.vm with loader org.apache.velocity.runtime.resource.loader.ClasspathResourceLoader
2021-11-17 16:03:51,037 - Velocimacro : added VM includeDuration: source=/templates/macros/json/duration.vm
2021-11-17 16:03:51,037 - ResourceManager : found /templates/macros/json/duration.vm with loader org.apache.velocity.runtime.resource.loader.ClasspathResourceLoader
2021-11-17 16:03:51,040 - Velocimacro : added VM includeElement: source=/templates/macros/json/element.vm
2021-11-17 16:03:51,040 - ResourceManager : found /templates/macros/json/element.vm with loader org.apache.velocity.runtime.resource.loader.ClasspathResourceLoader
2021-11-17 16:03:51,048 - Velocimacro : added VM includeEmbeddings: source=/templates/macros/json/embeddings.vm
2021-11-17 16:03:51,048 - Velocimacro : added VM includeHtmlEmbedding: source=/templates/macros/json/embeddings.vm
2021-11-17 16:03:51,049 - Velocimacro : added VM includeVideoEmbedding: source=/templates/macros/json/embeddings.vm
2021-11-17 16:03:51,049 - Velocimacro : added VM includeImageEmbedding: source=/templates/macros/json/embeddings.vm
2021-11-17 16:03:51,049 - Velocimacro : added VM includeImageReferenceEmbedding: source=/templates/macros/json/embeddings.vm
2021-11-17 16:03:51,049 - Velocimacro : added VM includeTextEmbedding: source=/templates/macros/json/embeddings.vm
2021-11-17 16:03:51,049 - Velocimacro : added VM includeUnknownEmbedding: source=/templates/macros/json/embeddings.vm
2021-11-17 16:03:51,049 - ResourceManager : found /templates/macros/json/embeddings.vm with loader org.apache.velocity.runtime.resource.loader.ClasspathResourceLoader
2021-11-17 16:03:51,054 - Velocimacro : added VM includeHooks: source=/templates/macros/json/hooks.vm
2021-11-17 16:03:51,054 - ResourceManager : found /templates/macros/json/hooks.vm with loader org.apache.velocity.runtime.resource.loader.ClasspathResourceLoader
2021-11-17 16:03:51,058 - Velocimacro : added VM includeOutput: source=/templates/macros/json/output.vm
2021-11-17 16:03:51,058 - ResourceManager : found /templates/macros/json/output.vm with loader org.apache.velocity.runtime.resource.loader.ClasspathResourceLoader
2021-11-17 16:03:51,061 - Velocimacro : added VM includeMessage: source=/templates/macros/json/message.vm
2021-11-17 16:03:51,061 - ResourceManager : found /templates/macros/json/message.vm with loader org.apache.velocity.runtime.resource.loader.ClasspathResourceLoader
2021-11-17 16:03:51,063 - Velocimacro : added VM includeSteps: source=/templates/macros/json/steps.vm
2021-11-17 16:03:51,063 - ResourceManager : found /templates/macros/json/steps.vm with loader org.apache.velocity.runtime.resource.loader.ClasspathResourceLoader
2021-11-17 16:03:51,064 - Velocimacro : added VM includeStepName: source=/templates/macros/json/stepName.vm
2021-11-17 16:03:51,064 - ResourceManager : found /templates/macros/json/stepName.vm with loader org.apache.velocity.runtime.resource.loader.ClasspathResourceLoader
2021-11-17 16:03:51,065 - Velocimacro : added VM includeTags: source=/templates/macros/json/tags.vm
2021-11-17 16:03:51,065 - ResourceManager : found /templates/macros/json/tags.vm with loader org.apache.velocity.runtime.resource.loader.ClasspathResourceLoader
2021-11-17 16:03:51,076 - VM #includeNavigation: too few arguments to macro. Wanted 1 got 0
2021-11-17 16:03:51,077 - Left side ($active_tab) of '==' operation has null value. If it is a reference, it may not be in the context or its toString() returned null. /templates/macros/page/navigation.vm[line 14, column 51]
2021-11-17 16:03:51,077 - Left side ($active_tab) of '==' operation has null value. If it is a reference, it may not be in the context or its toString() returned null. /templates/macros/page/navigation.vm[line 15, column 51]
2021-11-17 16:03:51,077 - Left side ($active_tab) of '==' operation has null value. If it is a reference, it may not be in the context or its toString() returned null. /templates/macros/page/navigation.vm[line 16, column 51]
2021-11-17 16:03:51,077 - Left side ($active_tab) of '==' operation has null value. If it is a reference, it may not be in the context or its toString() returned null. /templates/macros/page/navigation.vm[line 20, column 51]
2021-11-17 16:03:51,101 - ResourceManager : found /templates/footer.vm with loader org.apache.velocity.runtime.resource.loader.ClasspathResourceLoader
